{
  "RSpec": {
    "coverage": {
      "/Volumes/Dados/Projetos/codeland/listabeta/app/models/startup.rb": [
        1,
        null,
        null,
        1,
        null,
        null,
        1,
        null,
        1,
        null,
        1,
        null,
        1,
        null
      ],
      "/Volumes/Dados/Projetos/codeland/listabeta/app/enumerations/status.rb": [
        1,
        1,
        null,
        null,
        null,
        null,
        null,
        null
      ],
      "/Volumes/Dados/Projetos/codeland/listabeta/app/uploaders/screenshot_uploader.rb": [
        null,
        null,
        1,
        null,
        null,
        1,
        null,
        null,
        null,
        null,
        null,
        null,
        1,
        null,
        null,
        null,
        null,
        null,
        null,
        null,
        1,
        2,
        null,
        null,
        null,
        1,
        1,
        null,
        null,
        null,
        null,
        null,
        null,
        null,
        null,
        null,
        null,
        null,
        null,
        null,
        null,
        null,
        null,
        null,
        null,
        null,
        null,
        null,
        1,
        4,
        null,
        null,
        null,
        null,
        null,
        null,
        null,
        null,
        null
      ],
      "/Volumes/Dados/Projetos/codeland/listabeta/app/validators/url_validator.rb": [
        1,
        1,
        41,
        null,
        null,
        null,
        null,
        1,
        41,
        41,
        null,
        null
      ],
      "/Volumes/Dados/Projetos/codeland/listabeta/app/controllers/application_controller.rb": [
        1,
        null,
        null,
        1,
        null,
        1,
        null,
        1,
        null,
        1,
        null,
        3,
        null,
        3,
        null,
        null,
        null,
        3,
        null,
        null
      ],
      "/Volumes/Dados/Projetos/codeland/listabeta/app/helpers/application_helper.rb": [
        1,
        null
      ],
      "/Volumes/Dados/Projetos/codeland/listabeta/app/models/admin_user.rb": [
        1,
        null,
        null,
        1,
        null,
        null
      ]
    },
    "timestamp": 1383250985
  }
}
